{"C:\\Users\\fernz\\Desktop\\code_\\2023_Projects\\August\\Namaste-React\\src\\components\\RestaurantCard.jsx": {"path":"C:\\Users\\fernz\\Desktop\\code_\\2023_Projects\\August\\Namaste-React\\src\\components\\RestaurantCard.jsx","statementMap":{"0":{"start":{"line":14,"column":6},"end":{"line":14,"column":10}},"1":{"start":{"line":16,"column":19},"end":{"line":16,"column":32}},"2":{"start":{"line":17,"column":20},"end":{"line":20,"column":3}},"3":{"start":{"line":19,"column":4},"end":{"line":19,"column":28}},"4":{"start":{"line":22,"column":2},"end":{"line":40,"column":4}},"5":{"start":{"line":37,"column":43},"end":{"line":37,"column":58}}},"fnMap":{"0":{"name":"RestaurantCard","decl":{"start":{"line":7,"column":9},"end":{"line":7,"column":23}},"loc":{"start":{"line":7,"column":34},"end":{"line":41,"column":1}},"line":7},"1":{"name":"(anonymous_1)","decl":{"start":{"line":17,"column":20},"end":{"line":17,"column":21}},"loc":{"start":{"line":17,"column":26},"end":{"line":20,"column":3}},"line":17},"2":{"name":"(anonymous_2)","decl":{"start":{"line":37,"column":37},"end":{"line":37,"column":38}},"loc":{"start":{"line":37,"column":43},"end":{"line":37,"column":58}},"line":37}},"branchMap":{},"s":{"0":1,"1":1,"2":1,"3":0,"4":1,"5":0},"f":{"0":1,"1":0,"2":0},"b":{},"_coverageSchema":"1a1c01bbd47fc00a2c39e90264f33305004495a9","hash":"5a8b5a371bc195a381086a43c0219054e74b1153"}
,"C:\\Users\\fernz\\Desktop\\code_\\2023_Projects\\August\\Namaste-React\\src\\utils\\appStore.js": {"path":"C:\\Users\\fernz\\Desktop\\code_\\2023_Projects\\August\\Namaste-React\\src\\utils\\appStore.js","statementMap":{"0":{"start":{"line":4,"column":17},"end":{"line":8,"column":2}}},"fnMap":{},"branchMap":{},"s":{"0":1},"f":{},"b":{},"_coverageSchema":"1a1c01bbd47fc00a2c39e90264f33305004495a9","hash":"a63b240f11d91347b19523bfac158931658c916b"}
,"C:\\Users\\fernz\\Desktop\\code_\\2023_Projects\\August\\Namaste-React\\src\\utils\\cartSlice.js": {"path":"C:\\Users\\fernz\\Desktop\\code_\\2023_Projects\\August\\Namaste-React\\src\\utils\\cartSlice.js","statementMap":{"0":{"start":{"line":3,"column":18},"end":{"line":20,"column":2}},"1":{"start":{"line":10,"column":6},"end":{"line":10,"column":39}},"2":{"start":{"line":13,"column":6},"end":{"line":13,"column":38}},"3":{"start":{"line":17,"column":6},"end":{"line":17,"column":29}},"4":{"start":{"line":22,"column":50},"end":{"line":22,"column":67}}},"fnMap":{"0":{"name":"(anonymous_0)","decl":{"start":{"line":9,"column":13},"end":{"line":9,"column":14}},"loc":{"start":{"line":9,"column":32},"end":{"line":11,"column":5}},"line":9},"1":{"name":"(anonymous_1)","decl":{"start":{"line":12,"column":16},"end":{"line":12,"column":17}},"loc":{"start":{"line":12,"column":35},"end":{"line":14,"column":5}},"line":12},"2":{"name":"(anonymous_2)","decl":{"start":{"line":15,"column":15},"end":{"line":15,"column":16}},"loc":{"start":{"line":15,"column":26},"end":{"line":18,"column":5}},"line":15}},"branchMap":{},"s":{"0":1,"1":0,"2":0,"3":0,"4":1},"f":{"0":0,"1":0,"2":0},"b":{},"_coverageSchema":"1a1c01bbd47fc00a2c39e90264f33305004495a9","hash":"473e6f0875430511a3a166ebe147113b61d7a3df"}
,"C:\\Users\\fernz\\Desktop\\code_\\2023_Projects\\August\\Namaste-React\\src\\utils\\constants.js": {"path":"C:\\Users\\fernz\\Desktop\\code_\\2023_Projects\\August\\Namaste-React\\src\\utils\\constants.js","statementMap":{"0":{"start":{"line":1,"column":29},"end":{"line":1,"column":112}},"1":{"start":{"line":3,"column":23},"end":{"line":3,"column":76}}},"fnMap":{},"branchMap":{},"s":{"0":1,"1":1},"f":{},"b":{},"_coverageSchema":"1a1c01bbd47fc00a2c39e90264f33305004495a9","hash":"54ba4dcec10329b3496d6724ba6f78ada98ab59c"}
,"C:\\Users\\fernz\\Desktop\\code_\\2023_Projects\\August\\Namaste-React\\src\\utils\\mockTest.js": {"path":"C:\\Users\\fernz\\Desktop\\code_\\2023_Projects\\August\\Namaste-React\\src\\utils\\mockTest.js","statementMap":{"0":{"start":{"line":1,"column":23},"end":{"line":120,"column":1}}},"fnMap":{},"branchMap":{},"s":{"0":1},"f":{},"b":{},"_coverageSchema":"1a1c01bbd47fc00a2c39e90264f33305004495a9","hash":"e53390318d285a69ecf4e652b242be122f4bbb42"}
}
